<?xml version="1.0" encoding="UTF-8"?>
<testng-results ignored="0" total="0" passed="0" failed="0" skipped="0">
  <reporter-output>
  </reporter-output>
  <suite started-at="2024-08-19T11:21:40 IST" name="Default suite" finished-at="2024-08-19T11:21:40 IST" duration-ms="729">
    <groups>
      <group name="cucumber">
        <method signature="AbstractTestNGCucumberTests.runScenario(io.cucumber.testng.PickleWrapper,io.cucumber.testng.FeatureWrapper)[pri:0, instance:testRunner.TestRunner_failedRun@68c9d179]" name="runScenario" class="io.cucumber.testng.AbstractTestNGCucumberTests"/>
      </group> <!-- cucumber -->
    </groups>
    <test started-at="2024-08-19T11:21:40 IST" name="Default test" finished-at="2024-08-19T11:21:40 IST" duration-ms="729">
      <class name="testRunner.TestRunner_failedRun">
        <test-method is-config="true" signature="setUpClass(org.testng.ITestContext)[pri:0, instance:testRunner.TestRunner_failedRun@68c9d179]" started-at="2024-08-19T11:21:40 IST" name="setUpClass" finished-at="2024-08-19T11:21:40 IST" duration-ms="495" status="PASS">
          <params>
            <param index="0">
              <value>
                <![CDATA[org.testng.TestRunner@58ec7116]]>
              </value>
            </param>
          </params>
          <reporter-output>
          </reporter-output>
        </test-method> <!-- setUpClass -->
        <test-method is-config="true" signature="tearDownClass()[pri:0, instance:testRunner.TestRunner_failedRun@68c9d179]" started-at="2024-08-19T11:21:40 IST" name="tearDownClass" finished-at="2024-08-19T11:21:40 IST" duration-ms="214" status="PASS">
          <reporter-output>
          </reporter-output>
        </test-method> <!-- tearDownClass -->
      </class> <!-- testRunner.TestRunner_failedRun -->
    </test> <!-- Default test -->
  </suite> <!-- Default suite -->
</testng-results>
